<?xml version="1.0" encoding="UTF-8"?>
<testsuite name="StringReplacerTest" tests="1" skipped="0" failures="0" errors="0" timestamp="2021-11-30T15:56:50" hostname="DESKTOP-DRQ85AC" time="0.024">
  <properties/>
  <testcase name="stringReplacer()" classname="StringReplacerTest" time="0.024"/>
  <system-out><![CDATA[]]></system-out>
  <system-err><![CDATA[]]></system-err>
</testsuite>
